<?xml version="1.0" encoding="UTF-8"?>
<!-- Generated by org.testng.reporters.JUnitReportReporter -->
<testsuite hostname="Fulcrum-THINK" name="testngpackage.TestNGClass" tests="3" failures="0" timestamp="9 Feb 2016 09:03:07 GMT" time="14.380" errors="0">
  <testcase name="login" time="3.759" classname="testngpackage.TestNGClass"/>
  <testcase name="login" time="3.478" classname="testngpackage.TestNGClass"/>
  <testcase name="login" time="7.143" classname="testngpackage.TestNGClass"/>
</testsuite> <!-- testngpackage.TestNGClass -->
