<?xml version="1.0" encoding="UTF-8"?>
<!-- Generated by org.testng.reporters.JUnitReportReporter -->
<testsuite hostname="395-CNU40791QP" name="health.med.TitleVerify" tests="1" failures="0" timestamp="21 Sep 2015 20:33:00 GMT" time="21144.236" errors="0">
  <testcase name="test1" time="21144.236" classname="health.med.TitleVerify"/>
</testsuite> <!-- health.med.TitleVerify -->
