<?xml version="1.0" encoding="UTF-8"?>
<!-- Generated by org.testng.reporters.JUnitReportReporter -->
<testsuite hostname="395-CNU40791QP" name="health.med.PageRefHY" tests="11" failures="0" timestamp="6 May 2015 19:23:42 GMT" time="1.419" errors="0">
  <testcase name="myTest" time="0.481" classname="health.med.PageRefHY"/>
  <testcase name="myTest" time="0.102" classname="health.med.PageRefHY"/>
  <testcase name="myTest" time="0.116" classname="health.med.PageRefHY"/>
  <testcase name="myTest" time="0.099" classname="health.med.PageRefHY"/>
  <testcase name="myTest" time="0.098" classname="health.med.PageRefHY"/>
  <testcase name="myTest" time="0.103" classname="health.med.PageRefHY"/>
  <testcase name="myTest" time="0.113" classname="health.med.PageRefHY"/>
  <testcase name="myTest" time="0.094" classname="health.med.PageRefHY"/>
  <testcase name="myTest" time="0.015" classname="health.med.PageRefHY"/>
  <testcase name="myTest" time="0.094" classname="health.med.PageRefHY"/>
  <testcase name="myTest" time="0.104" classname="health.med.PageRefHY"/>
</testsuite> <!-- health.med.PageRefHY -->
