<?xml version="1.0" encoding="UTF-8"?>
<!-- Generated by org.testng.reporters.JUnitReportReporter -->
<testsuite hostname="395-CNU40791QP" name="med.cs.test.CSLoginPage" tests="1" failures="0" timestamp="5 Oct 2015 14:55:09 GMT" time="19.881" errors="0">
  <testcase name="Verifylogin" time="19.881" classname="med.cs.test.CSLoginPage"/>
</testsuite> <!-- med.cs.test.CSLoginPage -->
