<?xml version="1.0" encoding="UTF-8"?>
<!-- Generated by org.testng.reporters.JUnitReportReporter -->
<testsuite hostname="395-CNU40791QP" name="testImage.Step1OnlinePharmQuizzes" tests="1" failures="0" timestamp="11 Jan 2016 16:46:16 GMT" time="3538.809" errors="0">
  <testcase name="test1" time="3538.809" classname="testImage.Step1OnlinePharmQuizzes"/>
</testsuite> <!-- testImage.Step1OnlinePharmQuizzes -->
