<?xml version="1.0" encoding="UTF-8"?>
<!-- Generated by org.testng.reporters.JUnitReportReporter -->
<testsuite hostname="395-CNU40791QP" name="testImage.Step1HYOnlinePrepTitleVerification" tests="1" failures="0" timestamp="18 Nov 2015 03:51:01 GMT" time="18487.221" errors="0">
  <testcase name="VerifyTitleInAllDiscipline" time="18487.221" classname="testImage.Step1HYOnlinePrepTitleVerification"/>
</testsuite> <!-- testImage.Step1HYOnlinePrepTitleVerification -->
