<?xml version="1.0" encoding="UTF-8"?>
<!-- Generated by org.testng.reporters.JUnitReportReporter -->
<testsuite hostname="395-CNU40791QP" name="testImage.Step3PageRefsVerification" tests="1" failures="0" timestamp="22 Feb 2016 19:49:16 GMT" time="7912.294" errors="0">
  <testcase name="verifyGynecology" time="7912.294" classname="testImage.Step3PageRefsVerification"/>
</testsuite> <!-- testImage.Step3PageRefsVerification -->
