<?xml version="1.0" encoding="UTF-8"?>
<!-- Generated by org.testng.reporters.JUnitReportReporter -->
<testsuite hostname="395-CNU40791QP" name="testImage.TimeVerify" tests="1" failures="0" timestamp="2 Nov 2015 20:29:56 GMT" time="721.921" errors="0">
  <testcase name="testTimeinDashboard" time="721.921" classname="testImage.TimeVerify"/>
</testsuite> <!-- testImage.TimeVerify -->
