<?xml version="1.0" encoding="UTF-8"?>
<!-- Generated by org.testng.reporters.JUnitReportReporter -->
<testsuite hostname="395-CNU40791QP" name="testImage.TitleVerify" tests="1" failures="0" timestamp="9 Nov 2015 16:28:10 GMT" time="445.854" errors="0">
  <testcase name="test1" time="445.854" classname="testImage.TitleVerify"/>
</testsuite> <!-- testImage.TitleVerify -->
