<?xml version="1.0" encoding="UTF-8"?>
<!-- Generated by org.testng.reporters.JUnitReportReporter -->
<testsuite hostname="395-CNU40791QP" name="testImage.TestImage" tests="2" failures="0" timestamp="1 Jul 2015 19:40:50 GMT" time="14.907" errors="0">
  <testcase name="test" time="9.359" classname="testImage.TestImage"/>
  <testcase name="dynamiclychangingImages" time="5.548" classname="testImage.TestImage"/>
</testsuite> <!-- testImage.TestImage -->
