<?xml version="1.0" encoding="UTF-8"?>
<!-- Generated by org.testng.reporters.JUnitReportReporter -->
<testsuite hostname="395-CNU40791QP" name="admin.reports.test.AdminLogInPage" tests="1" failures="0" timestamp="23 Mar 2016 17:38:21 GMT" time="28.998" errors="0">
  <testcase name="VerifyDisplayedLoginpage" time="28.998" classname="admin.reports.test.AdminLogInPage"/>
</testsuite> <!-- admin.reports.test.AdminLogInPage -->
