<?xml version="1.0" encoding="UTF-8"?>
<!-- Generated by org.testng.reporters.JUnitReportReporter -->
<testsuite hostname="395-CNU40791QP" name="med.OLP.regression.RegressionForOLPProducts" tests="1" failures="0" timestamp="10 Sep 2015 20:50:13 GMT" time="149.129" errors="0">
  <testcase name="VerifyTestAnalysisReviewpageforQbankOLP" time="149.129" classname="med.OLP.regression.RegressionForOLPProducts"/>
</testsuite> <!-- med.OLP.regression.RegressionForOLPProducts -->
