<?xml version="1.0" encoding="UTF-8"?>
<!-- Generated by org.testng.reporters.JUnitReportReporter -->
<testsuite hostname="395-CNU40791QP" name="kaplan.health.jasper.test.OLPHomePage" tests="1" failures="0" timestamp="17 Dec 2014 15:17:26 GMT" time="54.756" errors="0">
  <testcase name="followingSyllabusPaths" time="54.756" classname="kaplan.health.jasper.test.OLPHomePage"/>
</testsuite> <!-- kaplan.health.jasper.test.OLPHomePage -->
