<?xml version="1.0" encoding="UTF-8"?>
<!-- Generated by org.testng.reporters.JUnitReportReporter -->
<testsuite hostname="395-CNU40791QP" name="med.jasper.regression.DisplayVideotitle" tests="1" failures="0" timestamp="10 Aug 2015 19:55:43 GMT" time="385.580" errors="1">
  <testcase name="VerifyNBDETesting" time="385.580" classname="med.jasper.regression.DisplayVideotitle">
    <error type="junit.framework.ComparisonFailure" message="expected:&lt;...ental - Occlusion - [Adult Dentit]ion&gt; but was:&lt;...ental - Occlusion - [Occlus]ion&gt;">
      <![CDATA[junit.framework.ComparisonFailure: expected:<...ental - Occlusion - [Adult Dentit]ion> but was:<...ental - Occlusion - [Occlus]ion>
	at junit.framework.Assert.assertEquals(Assert.java:85)
	at junit.framework.Assert.assertEquals(Assert.java:91)
	at med.jasper.model.JasperHomePageModel.clickOnVideoTitle(JasperHomePageModel.java:328)
	at med.jasper.model.JasperHomePageModel.clickOnMol(JasperHomePageModel.java:169)
	at med.jasper.controller.JasperHomePageController.verifyNBDETesting(JasperHomePageController.java:386)
	at med.jasper.regression.DisplayVideotitle.VerifyNBDETesting(DisplayVideotitle.java:215)
	at sun.reflect.NativeMethodAccessorImpl.invoke0(Native Method)
	at sun.reflect.NativeMethodAccessorImpl.invoke(Unknown Source)
	at sun.reflect.DelegatingMethodAccessorImpl.invoke(Unknown Source)
	at java.lang.reflect.Method.invoke(Unknown Source)
	at org.testng.internal.MethodInvocationHelper.invokeMethod(MethodInvocationHelper.java:84)
	at org.testng.internal.Invoker.invokeMethod(Invoker.java:714)
	at org.testng.internal.Invoker.invokeTestMethod(Invoker.java:901)
	at org.testng.internal.Invoker.invokeTestMethods(Invoker.java:1231)
	at org.testng.internal.TestMethodWorker.invokeTestMethods(TestMethodWorker.java:127)
	at org.testng.internal.TestMethodWorker.run(TestMethodWorker.java:111)
	at org.testng.TestRunner.privateRun(TestRunner.java:767)
	at org.testng.TestRunner.run(TestRunner.java:617)
	at org.testng.SuiteRunner.runTest(SuiteRunner.java:334)
	at org.testng.SuiteRunner.runSequentially(SuiteRunner.java:329)
	at org.testng.SuiteRunner.privateRun(SuiteRunner.java:291)
	at org.testng.SuiteRunner.run(SuiteRunner.java:240)
	at org.testng.SuiteRunnerWorker.runSuite(SuiteRunnerWorker.java:52)
	at org.testng.SuiteRunnerWorker.run(SuiteRunnerWorker.java:86)
	at org.testng.TestNG.runSuitesSequentially(TestNG.java:1224)
	at org.testng.TestNG.runSuitesLocally(TestNG.java:1149)
	at org.testng.TestNG.run(TestNG.java:1057)
	at org.testng.remote.RemoteTestNG.run(RemoteTestNG.java:111)
	at org.testng.remote.RemoteTestNG.initAndRun(RemoteTestNG.java:204)
	at org.testng.remote.RemoteTestNG.main(RemoteTestNG.java:175)
]]>
    </error>
  </testcase> <!-- VerifyNBDETesting -->
</testsuite> <!-- med.jasper.regression.DisplayVideotitle -->
