<?xml version="1.0" encoding="UTF-8"?>
<!-- Generated by org.testng.reporters.JUnitReportReporter -->
<testsuite hostname="395-CNU40791QP" name="med.OLP.regression.Step3ObGynandEndoVideoTitlle" tests="1" failures="0" timestamp="23 Jun 2015 14:33:21 GMT" time="36.194" errors="0">
  <testcase name="VerifyInternalMedicine" time="36.194" classname="med.OLP.regression.Step3ObGynandEndoVideoTitlle"/>
</testsuite> <!-- med.OLP.regression.Step3ObGynandEndoVideoTitlle -->
