<?xml version="1.0" encoding="UTF-8"?>
<!-- Generated by org.testng.reporters.JUnitReportReporter -->
<testsuite hostname="395-CNU40791QP" name="kaplan.health.jasper.test.JasperHomePage" tests="1" failures="0" timestamp="11 Nov 2014 17:00:45 GMT" time="5853.358" errors="0">
  <testcase name="verifyDisplayVideotitle" time="5853.358" classname="kaplan.health.jasper.test.JasperHomePage"/>
</testsuite> <!-- kaplan.health.jasper.test.JasperHomePage -->
