<?xml version="1.0" encoding="UTF-8"?>
<!-- Generated by org.testng.reporters.JUnitReportReporter -->
<testsuite hostname="395-CNU40791QP" name="kaplan.health.jasper.test.DisplayVideotitle" tests="1" failures="0" timestamp="11 Dec 2014 23:13:36 GMT" time="3082.700" errors="0">
  <testcase name="VerifyDisplayBiochemistryVideotitle" time="3082.700" classname="kaplan.health.jasper.test.DisplayVideotitle"/>
</testsuite> <!-- kaplan.health.jasper.test.DisplayVideotitle -->
