<?xml version="1.0" encoding="UTF-8"?>
<!-- Generated by org.testng.reporters.JUnitReportReporter -->
<testsuite hostname="395-CNU40791QP" name="med.shp.regression.OAMStudentHomePage" tests="1" failures="0" timestamp="27 Jul 2015 20:06:19 GMT" time="47.574" errors="0">
  <testcase name="testing" time="47.574" classname="med.shp.regression.OAMStudentHomePage"/>
</testsuite> <!-- med.shp.regression.OAMStudentHomePage -->
