<?xml version="1.0" encoding="UTF-8"?>
<!-- Generated by org.testng.reporters.JUnitReportReporter -->
<testsuite hostname="395-CNU40791QP" name="kaplan.maven.test.TestClass" tests="1" failures="0" timestamp="22 Oct 2014 15:24:53 GMT" time="60.916" errors="0">
  <testcase name="testing" time="60.916" classname="kaplan.maven.test.TestClass"/>
</testsuite> <!-- kaplan.maven.test.TestClass -->
