<?xml version="1.0" encoding="UTF-8"?>
<!-- Generated by org.testng.reporters.JUnitReportReporter -->
<testsuite hostname="395-CNU40791QP" name="admin.reports.test.AdminLogInPage" tests="5" failures="0" timestamp="28 Jan 2015 16:50:49 GMT" time="107.174" errors="0">
  <testcase name="VerifySignOutFunctionality" time="23.419" classname="admin.reports.test.AdminLogInPage"/>
  <testcase name="VerifyErrorMessages" time="46.275" classname="admin.reports.test.AdminLogInPage"/>
  <testcase name="VerifyErrorLogInMessages" time="11.043" classname="admin.reports.test.AdminLogInPage"/>
  <testcase name="VerifyLoginAdminReport" time="14.542" classname="admin.reports.test.AdminLogInPage"/>
  <testcase name="VerifyDisplayedLoginpage" time="11.895" classname="admin.reports.test.AdminLogInPage"/>
</testsuite> <!-- admin.reports.test.AdminLogInPage -->
