<?xml version="1.0" encoding="UTF-8"?>
<!-- Generated by org.testng.reporters.JUnitReportReporter -->
<testsuite hostname="395-CNU40791QP" name="Guru99TakeScreenshot.Guru99TakeScreenshot" tests="1" failures="0" timestamp="8 Jul 2015 17:04:52 GMT" time="6.489" errors="0">
  <testcase name="testGuru99TakeScreenShot" time="6.489" classname="Guru99TakeScreenshot.Guru99TakeScreenshot"/>
</testsuite> <!-- Guru99TakeScreenshot.Guru99TakeScreenshot -->
